2020-10-13 19:22:08,338 - Log file for this run: /content/drive/My Drive/GE Edge Capstone 2020/distiller/distiller/examples/classifier_compression/logs/2020.10.13-192208/2020.10.13-192208.log
2020-10-13 19:22:08,351 - Number of CPUs: 2
2020-10-13 19:22:08,359 - Number of GPUs: 1
2020-10-13 19:22:08,359 - CUDA version: 10.1.243
2020-10-13 19:22:08,360 - CUDNN version: 7603
2020-10-13 19:22:08,360 - Kernel: 4.19.112+
2020-10-13 19:22:08,360 - OS: Ubuntu 18.04.5 LTS
2020-10-13 19:22:08,360 - Python: 3.6.9 (default, Jul 17 2020, 12:50:27) 
[GCC 8.4.0]
2020-10-13 19:22:08,360 - PYTHONPATH: /env/python
2020-10-13 19:22:08,361 - pip freeze: {'absl-py': '0.10.0', 'alabaster': '0.7.12', 'albumentations': '0.1.12', 'altair': '4.1.0', 'argon2-cffi': '20.1.0', 'asgiref': '3.2.10', 'astor': '0.8.1', 'astropy': '4.0.1.post1', 'astunparse': '1.6.3', 'async-generator': '1.10', 'atari-py': '0.2.6', 'atomicwrites': '1.4.0', 'attrs': '20.2.0', 'audioread': '2.1.8', 'autograd': '1.3', 'babel': '2.8.0', 'backcall': '0.2.0', 'beautifulsoup4': '4.6.3', 'bleach': '3.2.1', 'blis': '0.4.1', 'bokeh': '2.1.1', 'bottleneck': '1.3.2', 'bqplot': '0.11.5', 'branca': '0.4.1', 'bs4': '0.0.1', 'cachecontrol': '0.12.6', 'cachetools': '4.1.1', 'catalogue': '1.0.0', 'certifi': '2020.6.20', 'cffi': '1.14.3', 'chainer': '7.4.0', 'chardet': '3.0.4', 'click': '7.1.2', 'cloudpickle': '1.3.0', 'cmake': '3.12.0', 'cmdstanpy': '0.9.5', 'colorlover': '0.3.0', 'community': '1.0.0b1', 'contextlib2': '0.5.5', 'convertdate': '2.2.2', 'coverage': '3.7.1', 'coveralls': '0.5', 'crcmod': '1.7', 'cufflinks': '0.17.3', 'cupy-cuda101': '7.4.0', 'cvxopt': '1.2.5', 'cvxpy': '1.0.31', 'cycler': '0.10.0', 'cymem': '2.0.3', 'cython': '0.29.21', 'daft': '0.0.4', 'dask': '2.12.0', 'dataclasses': '0.7', 'datascience': '0.10.6', 'debugpy': '1.0.0rc2', 'decorator': '4.4.2', 'defusedxml': '0.6.0', 'descartes': '1.1.0', 'dill': '0.3.2', 'distiller': '0.4.0rc0', 'distributed': '1.25.3', 'django': '3.1.1', 'dlib': '19.18.0', 'dm-tree': '0.1.5', 'docopt': '0.6.2', 'docutils': '0.16', 'dopamine-rl': '1.0.5', 'earthengine-api': '0.1.236', 'easydict': '1.9', 'ecos': '2.0.7.post1', 'editdistance': '0.5.3', 'en-core-web-sm': '2.2.5', 'entrypoints': '0.3', 'ephem': '3.7.7.1', 'et-xmlfile': '1.0.1', 'fa2': '0.3.5', 'fancyimpute': '0.4.3', 'fastai': '1.0.61', 'fastdtw': '0.3.4', 'fastprogress': '1.0.0', 'fastrlock': '0.5', 'fbprophet': '0.7.1', 'feather-format': '0.4.1', 'filelock': '3.0.12', 'firebase-admin': '4.4.0', 'fix-yahoo-finance': '0.0.22', 'flask': '1.1.2', 'folium': '0.8.3', 'future': '0.16.0', 'gast': '0.2.2', 'gdal': '2.2.2', 'gdown': '3.6.4', 'gensim': '3.6.0', 'geographiclib': '1.50', 'geopy': '1.17.0', 'gin-config': '0.3.0', 'gitdb': '4.0.5', 'gitpython': '3.1.0', 'glob2': '0.7', 'google': '2.0.3', 'google-api-core': '1.16.0', 'google-api-python-client': '1.7.12', 'google-auth': '1.17.2', 'google-auth-httplib2': '0.0.4', 'google-auth-oauthlib': '0.4.1', 'google-cloud-bigquery': '1.21.0', 'google-cloud-core': '1.0.3', 'google-cloud-datastore': '1.8.0', 'google-cloud-firestore': '1.7.0', 'google-cloud-language': '1.2.0', 'google-cloud-storage': '1.18.1', 'google-cloud-translate': '1.5.0', 'google-colab': '1.0.0', 'google-pasta': '0.2.0', 'google-resumable-media': '0.4.1', 'googleapis-common-protos': '1.52.0', 'googledrivedownloader': '0.4', 'graphviz': '0.10.1', 'grpcio': '1.32.0', 'gspread': '3.0.1', 'gspread-dataframe': '3.0.8', 'gym': '0.12.5', 'h5py': '2.10.0', 'heapdict': '1.0.1', 'holidays': '0.10.3', 'holoviews': '1.13.4', 'html5lib': '1.0.1', 'httpimport': '0.5.18', 'httplib2': '0.17.4', 'httplib2shim': '0.0.3', 'humanize': '0.5.1', 'hyperopt': '0.1.2', 'ideep4py': '2.0.0.post3', 'idna': '2.10', 'image': '1.5.32', 'imageio': '2.4.1', 'imagesize': '1.2.0', 'imbalanced-learn': '0.4.3', 'imblearn': '0.0', 'imgaug': '0.2.9', 'importlib-metadata': '2.0.0', 'imutils': '0.5.3', 'inflect': '2.1.0', 'iniconfig': '1.0.1', 'intel-openmp': '2020.0.133', 'intervaltree': '2.1.0', 'ipykernel': '4.10.1', 'ipython': '5.5.0', 'ipython-genutils': '0.2.0', 'ipython-sql': '0.3.9', 'ipywidgets': '7.4.2', 'itsdangerous': '1.1.0', 'jax': '0.2.0', 'jaxlib': '0.1.55', 'jdcal': '1.4.1', 'jedi': '0.17.2', 'jieba': '0.42.1', 'jinja2': '2.11.2', 'joblib': '0.16.0', 'jpeg4py': '0.1.4', 'jsonpatch': '1.26', 'jsonpointer': '2.0', 'jsonschema': '2.6.0', 'jupyter': '1.0.0', 'jupyter-client': '5.3.5', 'jupyter-console': '5.2.0', 'jupyter-core': '4.6.3', 'jupyterlab-pygments': '0.1.2', 'kaggle': '1.5.8', 'kapre': '0.1.3.1', 'keras': '2.4.3', 'keras-applications': '1.0.8', 'keras-preprocessing': '1.1.2', 'keras-vis': '0.4.1', 'kiwisolver': '1.2.0', 'knnimpute': '0.1.0', 'korean-lunar-calendar': '0.2.1', 'librosa': '0.6.3', 'lightgbm': '2.2.3', 'llvmlite': '0.31.0', 'lmdb': '0.99', 'lucid': '0.3.8', 'lunarcalendar': '0.0.9', 'lxml': '4.2.6', 'markdown': '3.2.2', 'markupsafe': '1.1.1', 'matplotlib': '3.2.2', 'matplotlib-venn': '0.11.5', 'missingno': '0.4.2', 'mistune': '0.8.4', 'mizani': '0.6.0', 'mkl': '2019.0', 'mlxtend': '0.14.0', 'more-itertools': '8.5.0', 'moviepy': '0.2.3.5', 'mpmath': '1.1.0', 'msgpack': '1.0.0', 'multiprocess': '0.70.10', 'multitasking': '0.0.9', 'munch': '2.5.0', 'murmurhash': '1.0.2', 'music21': '5.5.0', 'natsort': '5.5.0', 'nbclient': '0.5.0', 'nbconvert': '5.6.1', 'nbformat': '5.0.7', 'nest-asyncio': '1.4.1', 'networkx': '2.5', 'nibabel': '3.0.2', 'nltk': '3.2.5', 'notebook': '5.3.1', 'np-utils': '0.5.12.1', 'numba': '0.48.0', 'numexpr': '2.7.1', 'numpy': '1.18.5', 'nvidia-ml-py3': '7.352.0', 'oauth2client': '4.1.3', 'oauthlib': '3.1.0', 'okgrade': '0.4.3', 'opencv-contrib-python': '4.1.2.30', 'opencv-python': '4.1.2.30', 'openpyxl': '2.5.9', 'opt-einsum': '3.3.0', 'osqp': '0.6.1', 'packaging': '20.4', 'palettable': '3.3.0', 'pandas': '1.1.2', 'pandas-datareader': '0.9.0', 'pandas-gbq': '0.13.2', 'pandas-profiling': '1.4.1', 'pandocfilters': '1.4.2', 'panel': '0.9.7', 'param': '1.9.3', 'parso': '0.7.1', 'pathlib': '1.0.1', 'patsy': '0.5.1', 'pexpect': '4.8.0', 'pickleshare': '0.7.5', 'pillow': '6.2.2', 'pip': '19.3.1', 'pip-tools': '4.5.1', 'plac': '1.1.3', 'plotly': '4.4.1', 'plotnine': '0.6.0', 'pluggy': '0.13.1', 'portpicker': '1.3.1', 'prefetch-generator': '1.0.1', 'preshed': '3.0.2', 'pretrainedmodels': '0.7.4', 'prettytable': '0.7.2', 'progressbar2': '3.38.0', 'prometheus-client': '0.8.0', 'promise': '2.3', 'prompt-toolkit': '1.0.18', 'protobuf': '3.12.4', 'psutil': '5.4.8', 'psycopg2': '2.7.6.1', 'ptyprocess': '0.6.0', 'py': '1.9.0', 'pyarrow': '0.14.1', 'pyasn1': '0.4.8', 'pyasn1-modules': '0.2.8', 'pycocotools': '2.0.2', 'pycparser': '2.20', 'pyct': '0.4.8', 'pydata-google-auth': '1.1.0', 'pydot': '1.4.1', 'pydot-ng': '2.0.0', 'pydotplus': '2.0.2', 'pydrive': '1.3.1', 'pyemd': '0.5.1', 'pyglet': '1.5.0', 'pygments': '2.6.1', 'pygobject': '3.26.1', 'pymc3': '3.7', 'pymeeus': '0.3.7', 'pymongo': '3.11.0', 'pymystem3': '0.2.0', 'pyopengl': '3.1.5', 'pyparsing': '2.4.7', 'pyrsistent': '0.17.3', 'pysndfile': '1.3.8', 'pysocks': '1.7.1', 'pystan': '2.19.1.1', 'pytest': '4.6.11', 'python-apt': '1.6.5+ubuntu0.3', 'python-chess': '0.23.11', 'python-dateutil': '2.8.1', 'python-louvain': '0.14', 'python-slugify': '4.0.1', 'python-utils': '2.4.0', 'pytz': '2018.9', 'pyviz-comms': '0.7.6', 'pywavelets': '1.1.1', 'pyyaml': '3.13', 'pyzmq': '19.0.2', 'qgrid': '1.1.1', 'qtconsole': '4.7.7', 'qtpy': '1.9.0', 'regex': '2019.12.20', 'requests': '2.23.0', 'requests-oauthlib': '1.3.0', 'resampy': '0.2.2', 'retrying': '1.3.3', 'rpy2': '3.2.7', 'rsa': '4.6', 'scikit-image': '0.16.2', 'scikit-learn': '0.21.2', 'scipy': '1.4.1', 'screen-resolution-extra': '0.0.0', 'scs': '2.1.2', 'seaborn': '0.11.0', 'send2trash': '1.5.0', 'setuptools': '50.3.0', 'setuptools-git': '1.2', 'shapely': '1.7.1', 'simplegeneric': '0.8.1', 'six': '1.15.0', 'sklearn': '0.0', 'sklearn-pandas': '1.8.0', 'slugify': '0.0.1', 'smart-open': '2.2.0', 'smmap': '3.0.4', 'snowballstemmer': '2.0.0', 'sortedcontainers': '2.2.2', 'spacy': '2.2.4', 'sphinx': '1.8.5', 'sphinxcontrib-serializinghtml': '1.1.4', 'sphinxcontrib-websupport': '1.2.4', 'sqlalchemy': '1.3.19', 'sqlparse': '0.3.1', 'srsly': '1.0.2', 'statsmodels': '0.10.2', 'sympy': '1.1.1', 'tables': '3.4.4', 'tabulate': '0.8.3', 'tblib': '1.7.0', 'tensorboard': '1.15.0', 'tensorboard-plugin-wit': '1.7.0', 'tensorboardcolab': '0.0.22', 'tensorflow': '1.15.4', 'tensorflow-addons': '0.8.3', 'tensorflow-datasets': '2.1.0', 'tensorflow-estimator': '1.15.1', 'tensorflow-gcs-config': '2.3.0', 'tensorflow-hub': '0.9.0', 'tensorflow-metadata': '0.24.0', 'tensorflow-privacy': '0.2.2', 'tensorflow-probability': '0.11.0', 'termcolor': '1.1.0', 'terminado': '0.9.1', 'testpath': '0.4.4', 'text-unidecode': '1.3', 'textblob': '0.15.3', 'textgenrnn': '1.4.1', 'theano': '1.0.5', 'thinc': '7.4.0', 'tifffile': '2020.9.3', 'toml': '0.10.1', 'toolz': '0.11.1', 'torch': '1.3.1', 'torchfile': '0.1.0', 'torchnet': '0.0.4', 'torchsummary': '1.5.1', 'torchtext': '0.3.1', 'torchvision': '0.4.2', 'tornado': '5.1.1', 'tqdm': '4.33.0', 'traitlets': '4.3.3', 'traittypes': '0.2.1', 'tweepy': '3.6.0', 'typeguard': '2.7.1', 'typing-extensions': '3.7.4.3', 'tzlocal': '1.5.1', 'umap-learn': '0.4.6', 'uritemplate': '3.0.1', 'urllib3': '1.24.3', 'vega-datasets': '0.8.0', 'visdom': '0.1.8.9', 'wasabi': '0.8.0', 'wcwidth': '0.2.5', 'webencodings': '0.5.1', 'websocket-client': '0.57.0', 'werkzeug': '1.0.1', 'wheel': '0.35.1', 'widgetsnbextension': '3.4.2', 'wordcloud': '1.5.0', 'wrapt': '1.12.1', 'xarray': '0.15.1', 'xgboost': '0.90', 'xkit': '0.0.0', 'xlrd': '1.1.0', 'xlsxwriter': '1.3.7', 'xlwt': '1.3.0', 'yellowbrick': '0.9.1', 'zict': '2.0.0', 'zipp': '3.2.0'}
2020-10-13 19:23:50,551 - Git is dirty
2020-10-13 19:23:50,553 - Active Git branch: master
2020-10-13 19:23:50,587 - Git commit: 94af2955f99de8222bd83c1fc46f4000b3ecb130
2020-10-13 19:23:50,588 - Command line: compress_classifier.py -a plain20_cifar ./data --quantize-eval --evaluate
2020-10-13 19:23:51,343 - Random seed: 0
2020-10-13 19:23:51,355 - => created a plain20_cifar model with the cifar10 dataset
2020-10-13 19:23:57,074 - Dataset sizes:
	test=10000
2020-10-13 19:23:57,075 - Collecting quantization calibration stats based on 5.0% of test dataset
2020-10-13 19:23:58,300 - Dataset sizes:
	test=500
2020-10-13 19:23:58,312 - Collecting quantization calibration stats for model
2020-10-13 19:23:58,314 - Pass 1: Collecting min, max, avg_min, avg_max, mean
2020-10-13 19:23:58,314 - --- test ---------------------
2020-10-13 19:23:58,315 - 500 samples (128 per mini-batch)
2020-10-13 19:23:59,282 - ==> Top1: 12.800    Top5: 52.000    Loss: 2.303

2020-10-13 19:23:59,283 - Pass 2: Collecting b, std parameters
2020-10-13 19:23:59,284 - --- test ---------------------
2020-10-13 19:23:59,285 - 500 samples (128 per mini-batch)
2020-10-13 19:23:59,842 - ==> Top1: 12.800    Top5: 52.000    Loss: 2.303

2020-10-13 19:23:59,843 - Stats collection complete
2020-10-13 19:23:59,931 - Stats saved to logs/2020.10.13-192208/acts_quantization_stats.yaml
2020-10-13 19:23:59,945 - Preparing model for quantization using PostTrainLinearQuantizer
2020-10-13 19:24:00,295 - Applying batch-norm folding ahead of post-training quantization
2020-10-13 19:24:00,488 - Propagating output statistics from BN modules to folded modules
2020-10-13 19:24:00,488 - Optimizing output statistics for modules followed by ReLU/Tanh/Sigmoid
2020-10-13 19:24:00,566 - Updated stats saved to logs/2020.10.13-192208/quant_stats_after_prepare_model.yaml
2020-10-13 19:24:00,757 - Per-layer quantization parameters saved to logs/2020.10.13-192208/layer_quant_params.yaml
2020-10-13 19:24:00,758 - --- test ---------------------
2020-10-13 19:24:00,758 - 10000 samples (256 per mini-batch)
2020-10-13 19:24:01,899 - Test: [   10/   39]    Loss 2.307462    Top1 10.742188    Top5 49.609375    
2020-10-13 19:24:02,486 - Test: [   20/   39]    Loss 2.306364    Top1 11.054688    Top5 50.136719    
2020-10-13 19:24:03,118 - Test: [   30/   39]    Loss 2.305944    Top1 11.236979    Top5 50.234375    
2020-10-13 19:24:03,437 - Test: [   40/   39]    Loss 2.306246    Top1 11.100000    Top5 50.000000    
2020-10-13 19:24:03,555 - ==> Top1: 11.100    Top5: 50.000    Loss: 2.306

2020-10-13 19:24:03,556 - Saving checkpoint to: logs/2020.10.13-192208/quantized_checkpoint.pth.tar
2020-10-13 19:24:03,629 - 
2020-10-13 19:24:03,631 - Log file for this run: /content/drive/My Drive/GE Edge Capstone 2020/distiller/distiller/examples/classifier_compression/logs/2020.10.13-192208/2020.10.13-192208.log
